{"contracts\\Cars.sol":{"l":{"23":46,"24":45,"25":45,"26":45,"27":45,"28":45,"29":45,"30":45,"35":52,"36":51,"37":51,"41":16,"45":3,"49":2,"53":0},"path":"C:\\Users\\micdu\\Code\\universite\\carfax-on-blockchain\\packages\\hardhat-ts\\contracts\\Cars.sol","s":{"1":46,"2":45,"3":45,"4":45,"5":45,"6":45,"7":45,"8":52,"9":51,"10":51,"11":16,"12":3,"13":2,"14":0},"b":{"1":[45,1]},"f":{"1":6,"2":46,"3":52,"4":16,"5":3,"6":2,"7":0},"fnMap":{"1":{"name":"constructor","line":16,"loc":{"start":{"line":16,"column":2},"end":{"line":16,"column":46}}},"2":{"name":"register","line":18,"loc":{"start":{"line":18,"column":2},"end":{"line":31,"column":2}}},"3":{"name":"updateOdometer","line":34,"loc":{"start":{"line":34,"column":2},"end":{"line":38,"column":2}}},"4":{"name":"getTokenIds","line":40,"loc":{"start":{"line":40,"column":2},"end":{"line":42,"column":2}}},"5":{"name":"getOdometerFromCar","line":44,"loc":{"start":{"line":44,"column":2},"end":{"line":46,"column":2}}},"6":{"name":"getOdometerFromSerialNumber","line":48,"loc":{"start":{"line":48,"column":2},"end":{"line":50,"column":2}}},"7":{"name":"getTokenURIFromSerialNumber","line":52,"loc":{"start":{"line":52,"column":2},"end":{"line":54,"column":2}}}},"statementMap":{"1":{"start":{"line":23,"column":4},"end":{"line":23,"column":72}},"2":{"start":{"line":25,"column":4},"end":{"line":25,"column":39}},"3":{"start":{"line":26,"column":4},"end":{"line":26,"column":38}},"4":{"start":{"line":27,"column":4},"end":{"line":27,"column":46}},"5":{"start":{"line":28,"column":4},"end":{"line":28,"column":38}},"6":{"start":{"line":29,"column":4},"end":{"line":29,"column":62}},"7":{"start":{"line":30,"column":4},"end":{"line":30,"column":19}},"8":{"start":{"line":35,"column":4},"end":{"line":35,"column":24}},"9":{"start":{"line":36,"column":4},"end":{"line":36,"column":36}},"10":{"start":{"line":37,"column":4},"end":{"line":37,"column":42}},"11":{"start":{"line":41,"column":4},"end":{"line":41,"column":19}},"12":{"start":{"line":45,"column":4},"end":{"line":45,"column":32}},"13":{"start":{"line":49,"column":4},"end":{"line":49,"column":58}},"14":{"start":{"line":53,"column":6},"end":{"line":53,"column":55}}},"branchMap":{"1":{"line":23,"type":"if","locations":[{"start":{"line":23,"column":4},"end":{"line":23,"column":4}},{"start":{"line":23,"column":4},"end":{"line":23,"column":4}}]}}},"contracts\\Contributors.sol":{"l":{"28":64,"29":63,"34":9,"39":63,"40":63,"42":63,"47":247,"48":247,"50":247,"52":247,"53":247,"54":247,"55":247,"56":247,"58":228,"60":228,"65":19,"70":2,"77":0,"78":0,"79":0,"83":1,"87":65,"91":247},"path":"C:\\Users\\micdu\\Code\\universite\\carfax-on-blockchain\\packages\\hardhat-ts\\contracts\\Contributors.sol","s":{"1":64,"2":9,"3":63,"4":63,"5":63,"6":247,"7":247,"8":247,"9":247,"10":247,"11":247,"12":228,"13":209,"14":19,"15":2,"16":0,"17":0,"18":0,"19":1,"20":65,"21":247},"b":{"1":[63,1],"2":[247,0]},"f":{"1":64,"2":9,"3":63,"4":247,"5":19,"6":2,"7":0,"8":1,"9":65,"10":247},"fnMap":{"1":{"name":"onlyRegistrar","line":27,"loc":{"start":{"line":27,"column":2},"end":{"line":30,"column":2}}},"2":{"name":"constructor","line":33,"loc":{"start":{"line":33,"column":2},"end":{"line":35,"column":2}}},"3":{"name":"register","line":38,"loc":{"start":{"line":38,"column":2},"end":{"line":43,"column":2}}},"4":{"name":"confirmRegistration","line":46,"loc":{"start":{"line":46,"column":2},"end":{"line":61,"column":2}}},"5":{"name":"getTokenIds","line":64,"loc":{"start":{"line":64,"column":2},"end":{"line":66,"column":2}}},"6":{"name":"getConfirmationHash","line":69,"loc":{"start":{"line":69,"column":2},"end":{"line":71,"column":2}}},"7":{"name":"removeContributor","line":76,"loc":{"start":{"line":76,"column":2},"end":{"line":80,"column":2}}},"8":{"name":"isRegistrar","line":82,"loc":{"start":{"line":82,"column":2},"end":{"line":84,"column":2}}},"9":{"name":"_isRegistrar","line":86,"loc":{"start":{"line":86,"column":4},"end":{"line":88,"column":4}}},"10":{"name":"_isHashEmpty","line":90,"loc":{"start":{"line":90,"column":2},"end":{"line":92,"column":2}}}},"statementMap":{"1":{"start":{"line":28,"column":4},"end":{"line":28,"column":65}},"2":{"start":{"line":34,"column":6},"end":{"line":34,"column":32}},"3":{"start":{"line":39,"column":4},"end":{"line":39,"column":34}},"4":{"start":{"line":40,"column":4},"end":{"line":40,"column":69}},"5":{"start":{"line":42,"column":4},"end":{"line":42,"column":62}},"6":{"start":{"line":47,"column":4},"end":{"line":47,"column":36}},"7":{"start":{"line":48,"column":4},"end":{"line":48,"column":84}},"8":{"start":{"line":50,"column":4},"end":{"line":50,"column":67}},"9":{"start":{"line":53,"column":4},"end":{"line":53,"column":37}},"10":{"start":{"line":54,"column":4},"end":{"line":54,"column":41}},"11":{"start":{"line":55,"column":4},"end":{"line":55,"column":53}},"12":{"start":{"line":58,"column":4},"end":{"line":58,"column":53}},"13":{"start":{"line":60,"column":4},"end":{"line":60,"column":19}},"14":{"start":{"line":65,"column":4},"end":{"line":65,"column":19}},"15":{"start":{"line":70,"column":4},"end":{"line":70,"column":57}},"16":{"start":{"line":77,"column":4},"end":{"line":77,"column":49}},"17":{"start":{"line":78,"column":4},"end":{"line":78,"column":24}},"18":{"start":{"line":79,"column":4},"end":{"line":79,"column":50}},"19":{"start":{"line":83,"column":6},"end":{"line":83,"column":35}},"20":{"start":{"line":87,"column":8},"end":{"line":87,"column":45}},"21":{"start":{"line":91,"column":4},"end":{"line":91,"column":34}}},"branchMap":{"1":{"line":28,"type":"if","locations":[{"start":{"line":28,"column":4},"end":{"line":28,"column":4}},{"start":{"line":28,"column":4},"end":{"line":28,"column":4}}]},"2":{"line":50,"type":"if","locations":[{"start":{"line":50,"column":4},"end":{"line":50,"column":4}},{"start":{"line":50,"column":4},"end":{"line":50,"column":4}}]}}},"contracts\\ContributorsDelegation.sol":{"l":{"20":58,"21":54,"26":6,"31":42,"32":42,"33":42,"38":12,"39":11,"44":71,"49":205,"50":204},"path":"C:\\Users\\micdu\\Code\\universite\\carfax-on-blockchain\\packages\\hardhat-ts\\contracts\\ContributorsDelegation.sol","s":{"1":58,"2":6,"3":42,"4":42,"5":42,"6":11,"7":71,"8":205,"9":204},"b":{"1":[54,4],"2":[204,1]},"f":{"1":58,"2":6,"3":42,"4":12,"5":71,"6":205},"fnMap":{"1":{"name":"isContributor","line":19,"loc":{"start":{"line":19,"column":2},"end":{"line":22,"column":2}}},"2":{"name":"constructor","line":25,"loc":{"start":{"line":25,"column":2},"end":{"line":27,"column":2}}},"3":{"name":"delegate","line":30,"loc":{"start":{"line":30,"column":2},"end":{"line":34,"column":2}}},"4":{"name":"undelegate","line":37,"loc":{"start":{"line":37,"column":2},"end":{"line":40,"column":2}}},"5":{"name":"isDelegatedOf","line":43,"loc":{"start":{"line":43,"column":2},"end":{"line":45,"column":2}}},"6":{"name":"setContributorsContract","line":48,"loc":{"start":{"line":48,"column":2},"end":{"line":51,"column":2}}}},"statementMap":{"1":{"start":{"line":20,"column":4},"end":{"line":20,"column":95}},"2":{"start":{"line":26,"column":4},"end":{"line":26,"column":53}},"3":{"start":{"line":31,"column":4},"end":{"line":31,"column":43}},"4":{"start":{"line":32,"column":4},"end":{"line":32,"column":52}},"5":{"start":{"line":33,"column":4},"end":{"line":33,"column":64}},"6":{"start":{"line":39,"column":4},"end":{"line":39,"column":46}},"7":{"start":{"line":44,"column":4},"end":{"line":44,"column":44}},"8":{"start":{"line":49,"column":4},"end":{"line":49,"column":79}},"9":{"start":{"line":50,"column":4},"end":{"line":50,"column":45}}},"branchMap":{"1":{"line":20,"type":"if","locations":[{"start":{"line":20,"column":4},"end":{"line":20,"column":4}},{"start":{"line":20,"column":4},"end":{"line":20,"column":4}}]},"2":{"line":49,"type":"if","locations":[{"start":{"line":49,"column":4},"end":{"line":49,"column":4}},{"start":{"line":49,"column":4},"end":{"line":49,"column":4}}]}}},"contracts\\Reports.sol":{"l":{"30":3,"31":3,"33":3,"37":50,"38":50,"39":49,"40":48,"41":48,"42":48,"43":48,"45":48,"46":48,"47":48,"49":48,"51":48,"55":17,"56":15,"60":3,"61":3,"65":12,"66":12,"67":9,"71":5,"75":3,"79":2,"83":5,"84":5,"85":3,"90":17,"94":0,"98":0,"102":0},"path":"C:\\Users\\micdu\\Code\\universite\\carfax-on-blockchain\\packages\\hardhat-ts\\contracts\\Reports.sol","s":{"1":3,"2":3,"3":3,"4":50,"5":50,"6":49,"7":48,"8":48,"9":48,"10":48,"11":48,"12":48,"13":48,"14":48,"15":17,"16":3,"17":3,"18":12,"19":9,"20":5,"21":3,"22":2,"23":5,"24":5,"25":3,"26":17,"27":0,"28":0,"29":0},"b":{"1":[49,1],"2":[48,1],"3":[15,2],"4":[3,2]},"f":{"1":3,"2":50,"3":17,"4":3,"5":12,"6":5,"7":3,"8":2,"9":5,"10":17,"11":0,"12":0,"13":0},"fnMap":{"1":{"name":"constructor","line":29,"loc":{"start":{"line":29,"column":2},"end":{"line":34,"column":2}}},"2":{"name":"create","line":36,"loc":{"start":{"line":36,"column":2},"end":{"line":52,"column":2}}},"3":{"name":"onlyReportContributor","line":54,"loc":{"start":{"line":54,"column":2},"end":{"line":57,"column":2}}},"4":{"name":"update","line":59,"loc":{"start":{"line":59,"column":2},"end":{"line":62,"column":2}}},"5":{"name":"burn","line":64,"loc":{"start":{"line":64,"column":2},"end":{"line":68,"column":2}}},"6":{"name":"getCreator","line":70,"loc":{"start":{"line":70,"column":2},"end":{"line":72,"column":2}}},"7":{"name":"getReportsForCar","line":74,"loc":{"start":{"line":74,"column":2},"end":{"line":76,"column":2}}},"8":{"name":"getCarForReport","line":78,"loc":{"start":{"line":78,"column":2},"end":{"line":80,"column":2}}},"9":{"name":"ownerOf","line":82,"loc":{"start":{"line":82,"column":2},"end":{"line":86,"column":2}}},"10":{"name":"getTokenIds","line":89,"loc":{"start":{"line":89,"column":2},"end":{"line":91,"column":2}}},"11":{"name":"setContributorsDelegation","line":93,"loc":{"start":{"line":93,"column":2},"end":{"line":95,"column":2}}},"12":{"name":"setContributorsContract","line":97,"loc":{"start":{"line":97,"column":0},"end":{"line":99,"column":0}}},"13":{"name":"setCars","line":101,"loc":{"start":{"line":101,"column":2},"end":{"line":103,"column":2}}}},"statementMap":{"1":{"start":{"line":30,"column":4},"end":{"line":30,"column":75}},"2":{"start":{"line":31,"column":4},"end":{"line":31,"column":55}},"3":{"start":{"line":33,"column":4},"end":{"line":33,"column":21}},"4":{"start":{"line":37,"column":4},"end":{"line":37,"column":76}},"5":{"start":{"line":38,"column":4},"end":{"line":38,"column":61}},"6":{"start":{"line":39,"column":4},"end":{"line":39,"column":71}},"7":{"start":{"line":40,"column":4},"end":{"line":40,"column":41}},"8":{"start":{"line":42,"column":4},"end":{"line":42,"column":61}},"9":{"start":{"line":43,"column":4},"end":{"line":43,"column":44}},"10":{"start":{"line":45,"column":4},"end":{"line":45,"column":37}},"11":{"start":{"line":46,"column":4},"end":{"line":46,"column":52}},"12":{"start":{"line":47,"column":4},"end":{"line":47,"column":42}},"13":{"start":{"line":49,"column":4},"end":{"line":49,"column":67}},"14":{"start":{"line":51,"column":4},"end":{"line":51,"column":19}},"15":{"start":{"line":55,"column":4},"end":{"line":55,"column":129}},"16":{"start":{"line":60,"column":4},"end":{"line":60,"column":45}},"17":{"start":{"line":61,"column":4},"end":{"line":61,"column":45}},"18":{"start":{"line":66,"column":4},"end":{"line":66,"column":25}},"19":{"start":{"line":67,"column":4},"end":{"line":67,"column":54}},"20":{"start":{"line":71,"column":4},"end":{"line":71,"column":29}},"21":{"start":{"line":75,"column":4},"end":{"line":75,"column":35}},"22":{"start":{"line":79,"column":4},"end":{"line":79,"column":37}},"23":{"start":{"line":83,"column":4},"end":{"line":83,"column":60}},"24":{"start":{"line":84,"column":4},"end":{"line":84,"column":75}},"25":{"start":{"line":85,"column":4},"end":{"line":85,"column":46}},"26":{"start":{"line":90,"column":4},"end":{"line":90,"column":19}},"27":{"start":{"line":94,"column":4},"end":{"line":94,"column":70}},"28":{"start":{"line":98,"column":4},"end":{"line":98,"column":53}},"29":{"start":{"line":102,"column":4},"end":{"line":102,"column":21}}},"branchMap":{"1":{"line":38,"type":"if","locations":[{"start":{"line":38,"column":4},"end":{"line":38,"column":4}},{"start":{"line":38,"column":4},"end":{"line":38,"column":4}}]},"2":{"line":39,"type":"if","locations":[{"start":{"line":39,"column":4},"end":{"line":39,"column":4}},{"start":{"line":39,"column":4},"end":{"line":39,"column":4}}]},"3":{"line":55,"type":"if","locations":[{"start":{"line":55,"column":4},"end":{"line":55,"column":4}},{"start":{"line":55,"column":4},"end":{"line":55,"column":4}}]},"4":{"line":84,"type":"if","locations":[{"start":{"line":84,"column":4},"end":{"line":84,"column":4}},{"start":{"line":84,"column":4},"end":{"line":84,"column":4}}]}}},"contracts\\Staking.sol":{"l":{"31":12,"33":12,"34":12,"35":12,"36":12,"37":12,"38":12,"39":12,"40":12,"41":12,"45":323,"46":322,"47":36,"48":36,"49":33,"51":286,"52":286,"53":286,"54":286,"55":286,"56":286,"57":286,"59":286,"60":286,"62":272,"66":27,"67":26,"68":26,"69":26,"70":24,"74":13,"75":12,"76":10,"80":67,"84":0,"85":0,"89":0},"path":"C:\\Users\\micdu\\Code\\universite\\carfax-on-blockchain\\packages\\hardhat-ts\\contracts\\Staking.sol","s":{"1":12,"2":12,"3":12,"4":12,"5":12,"6":12,"7":12,"8":12,"9":12,"10":12,"11":323,"12":322,"13":36,"14":36,"15":33,"16":286,"17":286,"18":286,"19":286,"20":286,"21":286,"22":286,"23":286,"24":286,"25":272,"26":27,"27":26,"28":26,"29":26,"30":24,"31":13,"32":12,"33":67,"34":0,"35":0,"36":0},"b":{"1":[322,1],"2":[36,286],"3":[26,1],"4":[12,1]},"f":{"1":12,"2":323,"3":27,"4":13,"5":67,"6":0,"7":0},"fnMap":{"1":{"name":"constructor","line":30,"loc":{"start":{"line":30,"column":2},"end":{"line":42,"column":2}}},"2":{"name":"stake","line":44,"loc":{"start":{"line":44,"column":2},"end":{"line":63,"column":2}}},"3":{"name":"queueUnstake","line":65,"loc":{"start":{"line":65,"column":4},"end":{"line":71,"column":4}}},"4":{"name":"unstake","line":73,"loc":{"start":{"line":73,"column":2},"end":{"line":77,"column":2}}},"5":{"name":"getStake","line":79,"loc":{"start":{"line":79,"column":2},"end":{"line":81,"column":2}}},"6":{"name":"removeFeesContract","line":83,"loc":{"start":{"line":83,"column":2},"end":{"line":86,"column":2}}},"7":{"name":"UpdateToken","line":88,"loc":{"start":{"line":88,"column":2},"end":{"line":90,"column":2}}}},"statementMap":{"1":{"start":{"line":31,"column":4},"end":{"line":31,"column":17}},"2":{"start":{"line":33,"column":4},"end":{"line":33,"column":22}},"3":{"start":{"line":34,"column":4},"end":{"line":34,"column":28}},"4":{"start":{"line":35,"column":4},"end":{"line":35,"column":24}},"5":{"start":{"line":36,"column":4},"end":{"line":36,"column":33}},"6":{"start":{"line":37,"column":4},"end":{"line":37,"column":21}},"7":{"start":{"line":38,"column":4},"end":{"line":38,"column":32}},"8":{"start":{"line":39,"column":4},"end":{"line":39,"column":48}},"9":{"start":{"line":40,"column":4},"end":{"line":40,"column":29}},"10":{"start":{"line":41,"column":4},"end":{"line":41,"column":32}},"11":{"start":{"line":45,"column":4},"end":{"line":45,"column":124}},"12":{"start":{"line":46,"column":4},"end":{"line":46,"column":1524}},"13":{"start":{"line":47,"column":6},"end":{"line":47,"column":99}},"14":{"start":{"line":48,"column":6},"end":{"line":48,"column":81}},"15":{"start":{"line":49,"column":6},"end":{"line":49,"column":65}},"16":{"start":{"line":51,"column":6},"end":{"line":51,"column":24}},"17":{"start":{"line":52,"column":6},"end":{"line":52,"column":27}},"18":{"start":{"line":53,"column":6},"end":{"line":53,"column":31}},"19":{"start":{"line":54,"column":6},"end":{"line":54,"column":40}},"20":{"start":{"line":55,"column":6},"end":{"line":55,"column":23}},"21":{"start":{"line":56,"column":6},"end":{"line":56,"column":34}},"22":{"start":{"line":57,"column":6},"end":{"line":57,"column":50}},"23":{"start":{"line":59,"column":6},"end":{"line":59,"column":31}},"24":{"start":{"line":60,"column":6},"end":{"line":60,"column":34}},"25":{"start":{"line":62,"column":6},"end":{"line":62,"column":69}},"26":{"start":{"line":66,"column":8},"end":{"line":66,"column":102}},"27":{"start":{"line":67,"column":8},"end":{"line":67,"column":83}},"28":{"start":{"line":68,"column":8},"end":{"line":68,"column":48}},"29":{"start":{"line":69,"column":8},"end":{"line":69,"column":58}},"30":{"start":{"line":70,"column":8},"end":{"line":70,"column":71}},"31":{"start":{"line":74,"column":6},"end":{"line":74,"column":111}},"32":{"start":{"line":75,"column":6},"end":{"line":75,"column":72}},"33":{"start":{"line":80,"column":4},"end":{"line":80,"column":40}},"34":{"start":{"line":84,"column":4},"end":{"line":84,"column":72}},"35":{"start":{"line":85,"column":4},"end":{"line":85,"column":42}},"36":{"start":{"line":89,"column":4},"end":{"line":89,"column":17}}},"branchMap":{"1":{"line":45,"type":"if","locations":[{"start":{"line":45,"column":4},"end":{"line":45,"column":4}},{"start":{"line":45,"column":4},"end":{"line":45,"column":4}}]},"2":{"line":46,"type":"if","locations":[{"start":{"line":46,"column":4},"end":{"line":46,"column":4}},{"start":{"line":46,"column":4},"end":{"line":46,"column":4}}]},"3":{"line":66,"type":"if","locations":[{"start":{"line":66,"column":8},"end":{"line":66,"column":8}},{"start":{"line":66,"column":8},"end":{"line":66,"column":8}}]},"4":{"line":74,"type":"if","locations":[{"start":{"line":74,"column":6},"end":{"line":74,"column":6}},{"start":{"line":74,"column":6},"end":{"line":74,"column":6}}]}}},"contracts\\Token.sol":{"l":{"12":81,"13":81,"17":12},"path":"C:\\Users\\micdu\\Code\\universite\\carfax-on-blockchain\\packages\\hardhat-ts\\contracts\\Token.sol","s":{"1":81,"2":81,"3":12},"b":{"1":[81,0]},"f":{"1":15,"2":81,"3":12},"fnMap":{"1":{"name":"constructor","line":9,"loc":{"start":{"line":9,"column":2},"end":{"line":9,"column":45}}},"2":{"name":"mint","line":11,"loc":{"start":{"line":11,"column":2},"end":{"line":14,"column":2}}},"3":{"name":"burn","line":16,"loc":{"start":{"line":16,"column":2},"end":{"line":18,"column":2}}}},"statementMap":{"1":{"start":{"line":12,"column":4},"end":{"line":12,"column":69}},"2":{"start":{"line":13,"column":4},"end":{"line":13,"column":28}},"3":{"start":{"line":17,"column":4},"end":{"line":17,"column":28}}},"branchMap":{"1":{"line":12,"type":"if","locations":[{"start":{"line":12,"column":4},"end":{"line":12,"column":4}},{"start":{"line":12,"column":4},"end":{"line":12,"column":4}}]}}}}